\BOOKMARK [1][-]{section.1}{Introduction}{}% 1
\BOOKMARK [2][-]{subsection.1.1}{Purpose}{section.1}% 2
\BOOKMARK [2][-]{subsection.1.2}{Scope}{section.1}% 3
\BOOKMARK [2][-]{subsection.1.3}{Definitions and Abbreviations}{section.1}% 4
\BOOKMARK [3][-]{subsubsection.1.3.1}{Definitions}{subsection.1.3}% 5
\BOOKMARK [3][-]{subsubsection.1.3.2}{Abbreviations}{subsection.1.3}% 6
\BOOKMARK [2][-]{subsection.1.4}{References}{section.1}% 7
\BOOKMARK [2][-]{subsection.1.5}{Overview}{section.1}% 8
\BOOKMARK [1][-]{section.2}{Architectural Design}{}% 9
\BOOKMARK [2][-]{subsection.2.1}{Architectural Patterns of ActiveDayz}{section.2}% 10
\BOOKMARK [2][-]{subsection.2.2}{Quality Requirements/Non functional Requirements}{section.2}% 11
\BOOKMARK [2][-]{subsection.2.3}{Design Requirements}{section.2}% 12
\BOOKMARK [1][-]{section.3}{Component Descriptions}{}% 13
\BOOKMARK [2][-]{subsection.3.1}{Beacon Module}{section.3}% 14
\BOOKMARK [2][-]{subsection.3.2}{Notification Module}{section.3}% 15
\BOOKMARK [2][-]{subsection.3.3}{Leader Module}{section.3}% 16
\BOOKMARK [2][-]{subsection.3.4}{Community Module}{section.3}% 17
\BOOKMARK [2][-]{subsection.3.5}{Users Module}{section.3}% 18
\BOOKMARK [2][-]{subsection.3.6}{Social Module}{section.3}% 19
\BOOKMARK [1][-]{section.4}{Feasibility and Resource Estimates}{}% 20
\BOOKMARK [1][-]{section.5}{Technologies Used}{}% 21
\BOOKMARK [2][-]{subsection.5.1}{Server}{section.5}% 22
\BOOKMARK [2][-]{subsection.5.2}{Web develpement}{section.5}% 23
